<?xml version="1.0" encoding="UTF-8"?>
<testng-results skipped="0" failed="0" total="1" passed="1">
  <reporter-output>
  </reporter-output>
  <suite name="Default suite" duration-ms="60734" started-at="2016-07-24T13:29:03Z" finished-at="2016-07-24T13:30:04Z">
    <groups>
    </groups>
    <test name="Default test" duration-ms="60734" started-at="2016-07-24T13:29:03Z" finished-at="2016-07-24T13:30:04Z">
      <class name="demo.TakeScreenGrab">
        <test-method status="PASS" signature="openBrowser()[pri:0, instance:demo.TakeScreenGrab@1f4f00f]" name="openBrowser" is-config="true" duration-ms="23145" started-at="2016-07-24T18:59:03Z" finished-at="2016-07-24T18:59:26Z">
          <reporter-output>
          </reporter-output>
        </test-method> <!-- openBrowser -->
        <test-method status="PASS" signature="grabScreen()[pri:0, instance:demo.TakeScreenGrab@1f4f00f]" name="grabScreen" duration-ms="37534" started-at="2016-07-24T18:59:26Z" finished-at="2016-07-24T19:00:04Z">
          <reporter-output>
          </reporter-output>
        </test-method> <!-- grabScreen -->
      </class> <!-- demo.TakeScreenGrab -->
    </test> <!-- Default test -->
  </suite> <!-- Default suite -->
</testng-results>
